[2m2025-03-22T20:16:03.415352Z[0m [31mERROR[0m [2mglazewm[0m[2m:[0m keybindings[24].commands: unrecognized subcommand
 at line 253 column 15
[2m2025-03-22T20:19:56.081751Z[0m [31mERROR[0m [2mglazewm[0m[2m:[0m Command doesn't have an ending `"`: '"C:\\Program Files\\WezTerm\\wezterm-gui.exe"'.
[2m2025-03-22T20:20:11.101863Z[0m [31mERROR[0m [2mglazewm[0m[2m:[0m Command doesn't have an ending `"`: '"C:\\Program Files\\WezTerm\\wezterm-gui.exe"'.
[2m2025-03-22T20:23:08.298457Z[0m [31mERROR[0m [2mglazewm[0m[2m:[0m did not find expected ',' or ']' at line 253 column 30, while parsing a flow sequence at line 253 column 15
[2m2025-03-22T20:23:32.308444Z[0m [31mERROR[0m [2mglazewm[0m[2m:[0m did not find expected ',' or ']' at line 253 column 30, while parsing a flow sequence at line 253 column 15
[2m2025-03-22T20:23:48.691446Z[0m [31mERROR[0m [2mglazewm[0m[2m:[0m Command doesn't have an ending `"`: '"C:\\Program Files\\WezTerm\\wezterm-gui.exe"'.
[2m2025-03-23T04:22:41.728032Z[0m [31mERROR[0m [2mglazewm[0m[2m:[0m Another instance of the application is already running.
[2m2025-03-24T07:49:11.082199Z[0m [31mERROR[0m [2mglazewm[0m[2m:[0m Another instance of the application is already running.
[2m2025-03-25T06:00:50.478350Z[0m [31mERROR[0m [2mglazewm[0m[2m:[0m Another instance of the application is already running.
[2m2025-03-27T06:48:10.245513Z[0m [31mERROR[0m [2mglazewm[0m[2m:[0m Another instance of the application is already running.
[2m2025-03-27T06:50:57.306511Z[0m [31mERROR[0m [2mglazewm[0m[2m:[0m Another instance of the application is already running.
[2m2025-03-28T14:51:49.854128Z[0m [31mERROR[0m [2mglazewm[0m[2m:[0m Another instance of the application is already running.
[2m2025-03-28T14:53:35.291661Z[0m [31mERROR[0m [2mglazewm[0m[2m:[0m Another instance of the application is already running.
[2m2025-03-28T17:09:55.934214Z[0m [31mERROR[0m [2mglazewm[0m[2m:[0m Another instance of the application is already running.
[2m2025-03-28T21:13:36.693403Z[0m [31mERROR[0m [2mglazewm[0m[2m:[0m Program path is not valid for command '%userprofile%/.glzr/zebar/start.bat'.
[2m2025-03-28T21:47:28.087442Z[0m [31mERROR[0m [2mglazewm[0m[2m:[0m Command doesn't have an ending `"`: '"C:\\Program Files\\WezTerm\\wezterm-gui.exe"'.
[2m2025-03-29T08:12:42.637795Z[0m [31mERROR[0m [2mglazewm[0m[2m:[0m Another instance of the application is already running.
[2m2025-03-29T08:13:01.169674Z[0m [31mERROR[0m [2mglazewm[0m[2m:[0m Another instance of the application is already running.
[2m2025-03-30T17:52:13.663029Z[0m [31mERROR[0m [2mglazewm[0m[2m:[0m window_rules[0].commands: unrecognized subcommand
 at line 149 column 15
[2m2025-04-01T11:24:49.024362Z[0m [31mERROR[0m [2mglazewm[0m[2m:[0m Another instance of the application is already running.
[2m2025-04-02T21:48:58.065898Z[0m [31mERROR[0m [2mglazewm[0m[2m:[0m Another instance of the application is already running.
[2m2025-04-02T21:50:49.918773Z[0m [31mERROR[0m [2mglazewm[0m[2m:[0m Another instance of the application is already running.
[2m2025-04-04T20:57:27.331573Z[0m [31mERROR[0m [2mglazewm[0m[2m:[0m Another instance of the application is already running.
[2m2025-04-05T19:45:42.222797Z[0m [31mERROR[0m [2mglazewm[0m[2m:[0m Invalid window handle. (0x80070578)
[2m2025-04-05T19:45:44.505494Z[0m [31mERROR[0m [2mglazewm[0m[2m:[0m Invalid window handle. (0x80070578)
[2m2025-04-05T19:45:45.664959Z[0m [31mERROR[0m [2mglazewm[0m[2m:[0m Invalid window handle. (0x80070578)
[2m2025-04-05T19:45:46.166364Z[0m [31mERROR[0m [2mglazewm[0m[2m:[0m Invalid window handle. (0x80070578)
[2m2025-04-05T19:45:46.340958Z[0m [31mERROR[0m [2mglazewm[0m[2m:[0m Invalid window handle. (0x80070578)
[2m2025-04-05T19:45:46.686622Z[0m [31mERROR[0m [2mglazewm[0m[2m:[0m Invalid window handle. (0x80070578)
[2m2025-04-05T19:45:47.501310Z[0m [31mERROR[0m [2mglazewm[0m[2m:[0m Invalid window handle. (0x80070578)
[2m2025-04-05T19:45:48.160129Z[0m [31mERROR[0m [2mglazewm[0m[2m:[0m Invalid window handle. (0x80070578)
[2m2025-04-05T19:45:48.385963Z[0m [31mERROR[0m [2mglazewm[0m[2m:[0m Invalid window handle. (0x80070578)
[2m2025-04-05T19:45:48.583522Z[0m [31mERROR[0m [2mglazewm[0m[2m:[0m Invalid window handle. (0x80070578)
[2m2025-04-05T19:45:49.297498Z[0m [31mERROR[0m [2mglazewm[0m[2m:[0m Invalid window handle. (0x80070578)
[2m2025-04-05T19:45:51.059010Z[0m [31mERROR[0m [2mglazewm[0m[2m:[0m Invalid window handle. (0x80070578)
[2m2025-04-05T19:46:02.222794Z[0m [31mERROR[0m [2mglazewm[0m[2m:[0m Invalid window handle. (0x80070578)
[2m2025-04-05T19:46:09.631647Z[0m [31mERROR[0m [2mglazewm[0m[2m:[0m Invalid window handle. (0x80070578)
[2m2025-04-05T19:46:10.529425Z[0m [31mERROR[0m [2mglazewm[0m[2m:[0m Invalid window handle. (0x80070578)
[2m2025-04-05T19:46:11.182651Z[0m [31mERROR[0m [2mglazewm[0m[2m:[0m Invalid window handle. (0x80070578)
[2m2025-04-05T19:46:20.128349Z[0m [31mERROR[0m [2mglazewm[0m[2m:[0m Invalid window handle. (0x80070578)
[2m2025-04-06T17:47:41.196149Z[0m [31mERROR[0m [2mglazewm[0m[2m:[0m Another instance of the application is already running.
[2m2025-04-07T01:25:36.324833Z[0m [31mERROR[0m [2mglazewm[0m[2m:[0m Another instance of the application is already running.
[2m2025-07-11T09:13:53.298880Z[0m [31mERROR[0m [2mglazewm[0m[2m:[0m could not find expected ':' at line 138 column 1, while scanning a simple key at line 137 column 1
[2m2025-07-11T09:14:18.299121Z[0m [31mERROR[0m [2mglazewm[0m[2m:[0m could not find expected ':' at line 138 column 1, while scanning a simple key at line 137 column 1
[2m2025-07-11T09:15:04.911659Z[0m [31mERROR[0m [2mglazewm[0m[2m:[0m could not find expected ':' at line 138 column 1, while scanning a simple key at line 137 column 1
[2m2025-07-11T09:15:26.709136Z[0m [31mERROR[0m [2mglazewm[0m[2m:[0m could not find expected ':' at line 138 column 1, while scanning a simple key at line 137 column 1
[2m2025-07-11T10:11:30.375432Z[0m [31mERROR[0m [2mglazewm[0m[2m:[0m window_rules[3]: duplicate field `match` at line 175 column 5
